------------------------------------------------
nprobe = 200 k = 100
Recall = 99.54%	Ratio = 1.0001
Time = 107.7 us 	 QPS = 9285.05 query/s
------------------------------------------------
nprobe = 200 k = 100
Recall = 99.55%	Ratio = 1.0001
Time = 0 us 	 QPS = inf query/s
------------------------------------------------
nprobe = 200 k = 100
Recall = 99.57%	Ratio = 1.00009
Time = 94.98 us 	 QPS = 10528.5 query/s
------------------------------------------------
nprobe = 200 k = 100
Recall = 99.56%	Ratio = 1.0001
Time = 20.05 us 	 QPS = 49875.3 query/s
------------------------------------------------
nprobe = 200 k = 100
Recall = 99.53%	Ratio = 1.00009
Time = 74.02 us 	 QPS = 13509.9 query/s
------------------------------------------------
nprobe = 200 k = 100
Recall = 99.55%	Ratio = 1.0001
Time = 110.78 us 	 QPS = 9026.9 query/s
------------------------------------------------
nprobe = 200 k = 100
Recall = 99.57%	Ratio = 1.0001
Time = 90.89 us 	 QPS = 11002.3 query/s
------------------------------------------------
nprobe = 200 k = 100
Recall = 99.55%	Ratio = 1.00009
Time = 107.65 us 	 QPS = 9289.36 query/s
------------------------------------------------
nprobe = 200 k = 100
Recall = 99.55%	Ratio = 1.00009
Time = 98.21 us 	 QPS = 10182.3 query/s
------------------------------------------------
nprobe = 200 k = 100
Recall = 99.5%	Ratio = 1.0001
Time = 50.33 us 	 QPS = 19868.9 query/s
